[0.139s] Invoking command in '/home/literbotpro/ros2_ws/build/perception_navigation': CMAKE_PREFIX_PATH=/opt/ros/foxy /usr/bin/cmake /home/literbotpro/ros2_ws/src/perception_navigation -DAMENT_CMAKE_SYMLINK_INSTALL=1 -DCMAKE_INSTALL_PREFIX=/home/literbotpro/ros2_ws/install/perception_navigation
[0.205s] -- The C compiler identification is GNU 9.4.0
[0.273s] -- The CXX compiler identification is GNU 9.4.0
[0.279s] -- Check for working C compiler: /usr/bin/cc
[0.358s] -- Check for working C compiler: /usr/bin/cc -- works
[0.359s] -- Detecting C compiler ABI info
[0.435s] -- Detecting C compiler ABI info - done
[0.449s] -- Detecting C compile features
[0.449s] -- Detecting C compile features - done
[0.452s] -- Check for working CXX compiler: /usr/bin/c++
[0.541s] -- Check for working CXX compiler: /usr/bin/c++ -- works
[0.543s] -- Detecting CXX compiler ABI info
[0.638s] -- Detecting CXX compiler ABI info - done
[0.653s] -- Detecting CXX compile features
[0.653s] -- Detecting CXX compile features - done
[0.656s] -- Found ament_cmake: 0.9.12 (/opt/ros/foxy/share/ament_cmake/cmake)
[0.679s] -- Found PythonInterp: /usr/bin/python3 (found suitable version "3.8.10", minimum required is "3") 
[0.679s] -- Using PYTHON_EXECUTABLE: /usr/bin/python3
[0.864s] -- Override CMake install command with custom implementation using symlinks instead of copying resources
[0.890s] -- Found rclcpp: 2.4.3 (/opt/ros/foxy/share/rclcpp/cmake)
[0.938s] -- Using all available rosidl_typesupport_c: rosidl_typesupport_fastrtps_c;rosidl_typesupport_introspection_c
[0.946s] -- Found rosidl_adapter: 1.3.1 (/opt/ros/foxy/share/rosidl_adapter/cmake)
[1.043s] -- Found OpenSSL: /usr/lib/x86_64-linux-gnu/libcrypto.so (found version "1.1.1f")  
[1.077s] -- Found FastRTPS: /opt/ros/foxy/include  
[1.174s] -- Using all available rosidl_typesupport_cpp: rosidl_typesupport_fastrtps_cpp;rosidl_typesupport_introspection_cpp
[1.269s] -- Found rmw_implementation_cmake: 1.0.4 (/opt/ros/foxy/share/rmw_implementation_cmake/cmake)
[1.271s] -- Using RMW implementation 'rmw_fastrtps_cpp' as default
[1.272s] -- Looking for pthread.h
[1.360s] -- Looking for pthread.h - found
[1.360s] -- Performing Test CMAKE_HAVE_LIBC_PTHREAD
[1.444s] -- Performing Test CMAKE_HAVE_LIBC_PTHREAD - Failed
[1.445s] -- Looking for pthread_create in pthreads
[1.509s] -- Looking for pthread_create in pthreads - not found
[1.509s] -- Looking for pthread_create in pthread
[1.589s] -- Looking for pthread_create in pthread - found
[1.590s] -- Found Threads: TRUE  
[1.771s] -- Found sensor_msgs: 2.0.5 (/opt/ros/foxy/share/sensor_msgs/cmake)
[1.902s] -- Found cv_bridge: 3.0.7 (/opt/ros/foxy/share/cv_bridge/cmake)
[1.939s] -- Found image_transport: 2.4.0 (/opt/ros/foxy/share/image_transport/cmake)
[1.994s] -- Found OpenCV: /usr (found version "4.2.0") 
[1.995s] -- Found ament_lint_auto: 0.9.8 (/opt/ros/foxy/share/ament_lint_auto/cmake)
[2.110s] -- Added test 'copyright' to check source files copyright and LICENSE
[2.111s] -- Added test 'cppcheck' to perform static code analysis on C / C++ code
[2.111s] -- Configured cppcheck include dirs: 
[2.111s] -- Configured cppcheck exclude dirs and/or files: 
[2.113s] -- Added test 'cpplint' to check C / C++ code against the Google style
[2.113s] -- Configured cpplint exclude dirs and/or files: 
[2.113s] -- Added test 'flake8' to check Python code syntax and style conventions
[2.114s] -- Added test 'lint_cmake' to check CMake code style
[2.115s] -- Added test 'pep257' to check Python code against some of the style conventions in PEP 257
[2.116s] -- Added test 'uncrustify' to check C / C++ code style
[2.116s] -- Configured uncrustify additional arguments: 
[2.117s] -- Added test 'xmllint' to check XML markup files
[2.122s] -- Configuring done
[2.149s] -- Generating done
[2.152s] -- Build files have been written to: /home/literbotpro/ros2_ws/build/perception_navigation
[2.162s] Invoked command in '/home/literbotpro/ros2_ws/build/perception_navigation' returned '0': CMAKE_PREFIX_PATH=/opt/ros/foxy /usr/bin/cmake /home/literbotpro/ros2_ws/src/perception_navigation -DAMENT_CMAKE_SYMLINK_INSTALL=1 -DCMAKE_INSTALL_PREFIX=/home/literbotpro/ros2_ws/install/perception_navigation
[2.165s] Invoking command in '/home/literbotpro/ros2_ws/build/perception_navigation': CMAKE_PREFIX_PATH=/opt/ros/foxy /usr/bin/cmake --build /home/literbotpro/ros2_ws/build/perception_navigation -- -j4 -l4
[2.208s] [35m[1mScanning dependencies of target image_subber[0m
[2.283s] [ 50%] [32mBuilding CXX object CMakeFiles/image_subber.dir/src/image_subber.cpp.o[0m
[11.486s] [100%] [32m[1mLinking CXX executable image_subber[0m
[12.107s] [100%] Built target image_subber
[12.119s] Invoked command in '/home/literbotpro/ros2_ws/build/perception_navigation' returned '0': CMAKE_PREFIX_PATH=/opt/ros/foxy /usr/bin/cmake --build /home/literbotpro/ros2_ws/build/perception_navigation -- -j4 -l4
[12.157s] Invoking command in '/home/literbotpro/ros2_ws/build/perception_navigation': CMAKE_PREFIX_PATH=/opt/ros/foxy /usr/bin/cmake --install /home/literbotpro/ros2_ws/build/perception_navigation
[12.165s] -- Install configuration: ""
[12.166s] -- Execute custom install script
[12.166s] -- Symlinking: /home/literbotpro/ros2_ws/install/perception_navigation/lib/perception_navigation/image_subber
[12.176s] -- Symlinking: /home/literbotpro/ros2_ws/install/perception_navigation/share/ament_index/resource_index/package_run_dependencies/perception_navigation
[12.187s] -- Symlinking: /home/literbotpro/ros2_ws/install/perception_navigation/share/ament_index/resource_index/parent_prefix_path/perception_navigation
[12.198s] -- Symlinking: /home/literbotpro/ros2_ws/install/perception_navigation/share/perception_navigation/environment/ament_prefix_path.sh
[12.207s] -- Symlinking: /home/literbotpro/ros2_ws/install/perception_navigation/share/perception_navigation/environment/ament_prefix_path.dsv
[12.217s] -- Symlinking: /home/literbotpro/ros2_ws/install/perception_navigation/share/perception_navigation/environment/path.sh
[12.227s] -- Symlinking: /home/literbotpro/ros2_ws/install/perception_navigation/share/perception_navigation/environment/path.dsv
[12.236s] -- Symlinking: /home/literbotpro/ros2_ws/install/perception_navigation/share/perception_navigation/local_setup.bash
[12.246s] -- Symlinking: /home/literbotpro/ros2_ws/install/perception_navigation/share/perception_navigation/local_setup.sh
[12.255s] -- Symlinking: /home/literbotpro/ros2_ws/install/perception_navigation/share/perception_navigation/local_setup.zsh
[12.265s] -- Symlinking: /home/literbotpro/ros2_ws/install/perception_navigation/share/perception_navigation/local_setup.dsv
[12.275s] -- Symlinking: /home/literbotpro/ros2_ws/install/perception_navigation/share/perception_navigation/package.dsv
[12.284s] -- Symlinking: /home/literbotpro/ros2_ws/install/perception_navigation/share/ament_index/resource_index/packages/perception_navigation
[12.294s] -- Symlinking: /home/literbotpro/ros2_ws/install/perception_navigation/share/perception_navigation/cmake/perception_navigationConfig.cmake
[12.304s] -- Symlinking: /home/literbotpro/ros2_ws/install/perception_navigation/share/perception_navigation/cmake/perception_navigationConfig-version.cmake
[12.314s] -- Symlinking: /home/literbotpro/ros2_ws/install/perception_navigation/share/perception_navigation/package.xml
[12.327s] Invoked command in '/home/literbotpro/ros2_ws/build/perception_navigation' returned '0': CMAKE_PREFIX_PATH=/opt/ros/foxy /usr/bin/cmake --install /home/literbotpro/ros2_ws/build/perception_navigation
