[1.975s] DEBUG:colcon:Command line arguments: ['/usr/bin/colcon', 'build', '--symlink-install']
[1.975s] DEBUG:colcon:Parsed command line arguments: Namespace(allow_overriding=[], ament_cmake_args=None, base_paths=['.'], build_base='build', catkin_cmake_args=None, catkin_skip_building_tests=False, cmake_args=None, cmake_clean_cache=False, cmake_clean_first=False, cmake_force_configure=False, cmake_target=None, cmake_target_skip_unavailable=False, continue_on_error=False, event_handlers=None, executor='parallel', ignore_user_meta=False, install_base='install', log_base=None, log_level=None, main=<bound method BuildVerb.main of <colcon_core.verb.build.BuildVerb object at 0x7ffb6198b6d0>>, merge_install=False, metas=['./colcon.meta'], packages_above=None, packages_above_and_dependencies=None, packages_above_depth=None, packages_end=None, packages_ignore=None, packages_ignore_regex=None, packages_select=None, packages_select_build_failed=False, packages_select_by_dep=None, packages_select_regex=None, packages_select_test_failures=False, packages_skip=None, packages_skip_build_finished=False, packages_skip_by_dep=None, packages_skip_regex=None, packages_skip_test_passed=False, packages_skip_up_to=None, packages_start=None, packages_up_to=None, packages_up_to_regex=None, parallel_workers=4, paths=None, symlink_install=True, test_result_base=None, verb_extension=<colcon_core.verb.build.BuildVerb object at 0x7ffb6198b6d0>, verb_name='build', verb_parser=<colcon_defaults.argument_parser.defaults.DefaultArgumentsDecorator object at 0x7ffb61736040>)
[2.071s] Level 1:colcon.colcon_core.package_discovery:discover_packages(colcon_meta) check parameters
[2.071s] Level 1:colcon.colcon_core.package_discovery:discover_packages(recursive) check parameters
[2.071s] Level 1:colcon.colcon_core.package_discovery:discover_packages(ignore) check parameters
[2.071s] Level 1:colcon.colcon_core.package_discovery:discover_packages(path) check parameters
[2.071s] Level 1:colcon.colcon_core.package_discovery:discover_packages(colcon_meta) discover
[2.071s] Level 1:colcon.colcon_core.package_discovery:discover_packages(recursive) discover
[2.071s] INFO:colcon.colcon_core.package_discovery:Crawling recursively for packages in '/home/literbotpro/ros2_ws'
[2.071s] Level 1:colcon.colcon_core.package_identification:_identify(.) by extensions ['ignore', 'ignore_ament_install']
[2.071s] Level 1:colcon.colcon_core.package_identification:_identify(.) by extension 'ignore'
[2.071s] Level 1:colcon.colcon_core.package_identification:_identify(.) by extension 'ignore_ament_install'
[2.071s] Level 1:colcon.colcon_core.package_identification:_identify(.) by extensions ['colcon_pkg']
[2.071s] Level 1:colcon.colcon_core.package_identification:_identify(.) by extension 'colcon_pkg'
[2.071s] Level 1:colcon.colcon_core.package_identification:_identify(.) by extensions ['colcon_meta']
[2.072s] Level 1:colcon.colcon_core.package_identification:_identify(.) by extension 'colcon_meta'
[2.072s] Level 1:colcon.colcon_core.package_identification:_identify(.) by extensions ['ros']
[2.072s] Level 1:colcon.colcon_core.package_identification:_identify(.) by extension 'ros'
[2.082s] Level 1:colcon.colcon_core.package_identification:_identify(.) by extensions ['cmake', 'python']
[2.082s] Level 1:colcon.colcon_core.package_identification:_identify(.) by extension 'cmake'
[2.082s] Level 1:colcon.colcon_core.package_identification:_identify(.) by extension 'python'
[2.082s] Level 1:colcon.colcon_core.package_identification:_identify(.) by extensions ['python_setup_py']
[2.082s] Level 1:colcon.colcon_core.package_identification:_identify(.) by extension 'python_setup_py'
[2.082s] Level 1:colcon.colcon_core.package_identification:_identify(build) by extensions ['ignore', 'ignore_ament_install']
[2.083s] Level 1:colcon.colcon_core.package_identification:_identify(build) by extension 'ignore'
[2.083s] Level 1:colcon.colcon_core.package_identification:_identify(build) ignored
[2.083s] Level 1:colcon.colcon_core.package_identification:_identify(install) by extensions ['ignore', 'ignore_ament_install']
[2.083s] Level 1:colcon.colcon_core.package_identification:_identify(install) by extension 'ignore'
[2.083s] Level 1:colcon.colcon_core.package_identification:_identify(install) ignored
[2.083s] Level 1:colcon.colcon_core.package_identification:_identify(log) by extensions ['ignore', 'ignore_ament_install']
[2.083s] Level 1:colcon.colcon_core.package_identification:_identify(log) by extension 'ignore'
[2.083s] Level 1:colcon.colcon_core.package_identification:_identify(log) ignored
[2.083s] Level 1:colcon.colcon_core.package_identification:_identify(src) by extensions ['ignore', 'ignore_ament_install']
[2.083s] Level 1:colcon.colcon_core.package_identification:_identify(src) by extension 'ignore'
[2.083s] Level 1:colcon.colcon_core.package_identification:_identify(src) by extension 'ignore_ament_install'
[2.083s] Level 1:colcon.colcon_core.package_identification:_identify(src) by extensions ['colcon_pkg']
[2.083s] Level 1:colcon.colcon_core.package_identification:_identify(src) by extension 'colcon_pkg'
[2.083s] Level 1:colcon.colcon_core.package_identification:_identify(src) by extensions ['colcon_meta']
[2.083s] Level 1:colcon.colcon_core.package_identification:_identify(src) by extension 'colcon_meta'
[2.084s] Level 1:colcon.colcon_core.package_identification:_identify(src) by extensions ['ros']
[2.084s] Level 1:colcon.colcon_core.package_identification:_identify(src) by extension 'ros'
[2.084s] Level 1:colcon.colcon_core.package_identification:_identify(src) by extensions ['cmake', 'python']
[2.084s] Level 1:colcon.colcon_core.package_identification:_identify(src) by extension 'cmake'
[2.084s] Level 1:colcon.colcon_core.package_identification:_identify(src) by extension 'python'
[2.084s] Level 1:colcon.colcon_core.package_identification:_identify(src) by extensions ['python_setup_py']
[2.084s] Level 1:colcon.colcon_core.package_identification:_identify(src) by extension 'python_setup_py'
[2.084s] Level 1:colcon.colcon_core.package_identification:_identify(src/perception_navigation) by extensions ['ignore', 'ignore_ament_install']
[2.084s] Level 1:colcon.colcon_core.package_identification:_identify(src/perception_navigation) by extension 'ignore'
[2.084s] Level 1:colcon.colcon_core.package_identification:_identify(src/perception_navigation) by extension 'ignore_ament_install'
[2.084s] Level 1:colcon.colcon_core.package_identification:_identify(src/perception_navigation) by extensions ['colcon_pkg']
[2.084s] Level 1:colcon.colcon_core.package_identification:_identify(src/perception_navigation) by extension 'colcon_pkg'
[2.084s] Level 1:colcon.colcon_core.package_identification:_identify(src/perception_navigation) by extensions ['colcon_meta']
[2.084s] Level 1:colcon.colcon_core.package_identification:_identify(src/perception_navigation) by extension 'colcon_meta'
[2.084s] Level 1:colcon.colcon_core.package_identification:_identify(src/perception_navigation) by extensions ['ros']
[2.084s] Level 1:colcon.colcon_core.package_identification:_identify(src/perception_navigation) by extension 'ros'
[2.087s] DEBUG:colcon.colcon_core.package_identification:Package 'src/perception_navigation' with type 'ros.ament_cmake' and name 'perception_navigation'
[2.087s] Level 1:colcon.colcon_core.package_discovery:discover_packages(recursive) using defaults
[2.087s] Level 1:colcon.colcon_core.package_discovery:discover_packages(ignore) discover
[2.087s] Level 1:colcon.colcon_core.package_discovery:discover_packages(ignore) using defaults
[2.087s] Level 1:colcon.colcon_core.package_discovery:discover_packages(path) discover
[2.087s] Level 1:colcon.colcon_core.package_discovery:discover_packages(path) using defaults
[2.267s] Level 1:colcon.colcon_core.package_discovery:discover_packages(prefix_path) check parameters
[2.267s] Level 1:colcon.colcon_core.package_discovery:discover_packages(prefix_path) discover
[2.335s] DEBUG:colcon.colcon_installed_package_information.package_discovery:Found 256 installed packages in /opt/ros/foxy
[2.336s] Level 1:colcon.colcon_core.package_discovery:discover_packages(prefix_path) using defaults
[2.469s] Level 5:colcon.colcon_core.verb:set package 'perception_navigation' build argument 'cmake_args' from command line to 'None'
[2.470s] Level 5:colcon.colcon_core.verb:set package 'perception_navigation' build argument 'cmake_target' from command line to 'None'
[2.470s] Level 5:colcon.colcon_core.verb:set package 'perception_navigation' build argument 'cmake_target_skip_unavailable' from command line to 'False'
[2.470s] Level 5:colcon.colcon_core.verb:set package 'perception_navigation' build argument 'cmake_clean_cache' from command line to 'False'
[2.470s] Level 5:colcon.colcon_core.verb:set package 'perception_navigation' build argument 'cmake_clean_first' from command line to 'False'
[2.470s] Level 5:colcon.colcon_core.verb:set package 'perception_navigation' build argument 'cmake_force_configure' from command line to 'False'
[2.470s] Level 5:colcon.colcon_core.verb:set package 'perception_navigation' build argument 'ament_cmake_args' from command line to 'None'
[2.470s] Level 5:colcon.colcon_core.verb:set package 'perception_navigation' build argument 'catkin_cmake_args' from command line to 'None'
[2.470s] Level 5:colcon.colcon_core.verb:set package 'perception_navigation' build argument 'catkin_skip_building_tests' from command line to 'False'
[2.470s] DEBUG:colcon.colcon_core.verb:Building package 'perception_navigation' with the following arguments: {'ament_cmake_args': None, 'build_base': '/home/literbotpro/ros2_ws/build/perception_navigation', 'catkin_cmake_args': None, 'catkin_skip_building_tests': False, 'cmake_args': None, 'cmake_clean_cache': False, 'cmake_clean_first': False, 'cmake_force_configure': False, 'cmake_target': None, 'cmake_target_skip_unavailable': False, 'install_base': '/home/literbotpro/ros2_ws/install/perception_navigation', 'merge_install': False, 'path': '/home/literbotpro/ros2_ws/src/perception_navigation', 'symlink_install': True, 'test_result_base': None}
[2.514s] INFO:colcon.colcon_core.executor:Executing jobs using 'parallel' executor
[2.547s] DEBUG:colcon.colcon_parallel_executor.executor.parallel:run_until_complete
[2.547s] INFO:colcon.colcon_ros.task.ament_cmake.build:Building ROS package in '/home/literbotpro/ros2_ws/src/perception_navigation' with build type 'ament_cmake'
[2.548s] INFO:colcon.colcon_cmake.task.cmake.build:Building CMake package in '/home/literbotpro/ros2_ws/src/perception_navigation'
[2.601s] INFO:colcon.colcon_core.plugin_system:Skipping extension 'colcon_core.shell.bat': Not used on non-Windows systems
[2.601s] INFO:colcon.colcon_core.shell:Skip shell extension 'powershell' for command environment: Not usable outside of PowerShell
[2.602s] DEBUG:colcon.colcon_core.shell:Skip shell extension 'dsv' for command environment
[2.687s] DEBUG:colcon.colcon_core.event_handler.log_command:Invoking command in '/home/literbotpro/ros2_ws/build/perception_navigation': CMAKE_PREFIX_PATH=/opt/ros/foxy /usr/bin/cmake /home/literbotpro/ros2_ws/src/perception_navigation -DAMENT_CMAKE_SYMLINK_INSTALL=1 -DCMAKE_INSTALL_PREFIX=/home/literbotpro/ros2_ws/install/perception_navigation
[4.710s] DEBUG:colcon.colcon_core.event_handler.log_command:Invoked command in '/home/literbotpro/ros2_ws/build/perception_navigation' returned '0': CMAKE_PREFIX_PATH=/opt/ros/foxy /usr/bin/cmake /home/literbotpro/ros2_ws/src/perception_navigation -DAMENT_CMAKE_SYMLINK_INSTALL=1 -DCMAKE_INSTALL_PREFIX=/home/literbotpro/ros2_ws/install/perception_navigation
[4.714s] DEBUG:colcon.colcon_core.event_handler.log_command:Invoking command in '/home/literbotpro/ros2_ws/build/perception_navigation': CMAKE_PREFIX_PATH=/opt/ros/foxy /usr/bin/cmake --build /home/literbotpro/ros2_ws/build/perception_navigation -- -j4 -l4
[14.667s] DEBUG:colcon.colcon_core.event_handler.log_command:Invoked command in '/home/literbotpro/ros2_ws/build/perception_navigation' returned '0': CMAKE_PREFIX_PATH=/opt/ros/foxy /usr/bin/cmake --build /home/literbotpro/ros2_ws/build/perception_navigation -- -j4 -l4
[14.705s] DEBUG:colcon.colcon_core.event_handler.log_command:Invoking command in '/home/literbotpro/ros2_ws/build/perception_navigation': CMAKE_PREFIX_PATH=/opt/ros/foxy /usr/bin/cmake --install /home/literbotpro/ros2_ws/build/perception_navigation
[14.875s] Level 1:colcon.colcon_core.environment:create_environment_scripts_only(perception_navigation)
[14.875s] DEBUG:colcon.colcon_core.event_handler.log_command:Invoked command in '/home/literbotpro/ros2_ws/build/perception_navigation' returned '0': CMAKE_PREFIX_PATH=/opt/ros/foxy /usr/bin/cmake --install /home/literbotpro/ros2_ws/build/perception_navigation
[14.913s] Level 1:colcon.colcon_core.environment:checking '/home/literbotpro/ros2_ws/install/perception_navigation' for CMake module files
[14.913s] Level 1:colcon.colcon_core.environment:checking '/home/literbotpro/ros2_ws/install/perception_navigation' for CMake config files
[14.914s] Level 1:colcon.colcon_core.shell:create_environment_hook('perception_navigation', 'cmake_prefix_path')
[14.947s] INFO:colcon.colcon_core.shell:Creating environment hook '/home/literbotpro/ros2_ws/install/perception_navigation/share/perception_navigation/hook/cmake_prefix_path.ps1'
[14.948s] INFO:colcon.colcon_core.shell:Creating environment descriptor '/home/literbotpro/ros2_ws/install/perception_navigation/share/perception_navigation/hook/cmake_prefix_path.dsv'
[14.948s] INFO:colcon.colcon_core.shell:Creating environment hook '/home/literbotpro/ros2_ws/install/perception_navigation/share/perception_navigation/hook/cmake_prefix_path.sh'
[14.949s] Level 1:colcon.colcon_core.environment:checking '/home/literbotpro/ros2_ws/install/perception_navigation/lib'
[14.950s] Level 1:colcon.colcon_core.environment:checking '/home/literbotpro/ros2_ws/install/perception_navigation/bin'
[14.950s] Level 1:colcon.colcon_core.environment:checking '/home/literbotpro/ros2_ws/install/perception_navigation/lib/pkgconfig/perception_navigation.pc'
[14.950s] Level 1:colcon.colcon_core.environment:checking '/home/literbotpro/ros2_ws/install/perception_navigation/lib/python3.8/site-packages'
[14.950s] Level 1:colcon.colcon_core.environment:checking '/home/literbotpro/ros2_ws/install/perception_navigation/bin'
[14.984s] INFO:colcon.colcon_core.shell:Creating package script '/home/literbotpro/ros2_ws/install/perception_navigation/share/perception_navigation/package.ps1'
[14.985s] INFO:colcon.colcon_core.shell:Creating package descriptor '/home/literbotpro/ros2_ws/install/perception_navigation/share/perception_navigation/package.dsv'
[14.985s] INFO:colcon.colcon_core.shell:Creating package script '/home/literbotpro/ros2_ws/install/perception_navigation/share/perception_navigation/package.sh'
[14.986s] INFO:colcon.colcon_core.shell:Creating package script '/home/literbotpro/ros2_ws/install/perception_navigation/share/perception_navigation/package.bash'
[14.986s] INFO:colcon.colcon_core.shell:Creating package script '/home/literbotpro/ros2_ws/install/perception_navigation/share/perception_navigation/package.zsh'
[14.987s] Level 1:colcon.colcon_core.environment:create_file_with_runtime_dependencies(/home/literbotpro/ros2_ws/install/perception_navigation/share/colcon-core/packages/perception_navigation)
[15.045s] Level 1:colcon.colcon_core.environment:create_environment_scripts_only(perception_navigation)
[15.079s] Level 1:colcon.colcon_core.environment:checking '/home/literbotpro/ros2_ws/install/perception_navigation' for CMake module files
[15.079s] Level 1:colcon.colcon_core.environment:checking '/home/literbotpro/ros2_ws/install/perception_navigation' for CMake config files
[15.080s] Level 1:colcon.colcon_core.shell:create_environment_hook('perception_navigation', 'cmake_prefix_path')
[15.118s] INFO:colcon.colcon_core.shell:Creating environment hook '/home/literbotpro/ros2_ws/install/perception_navigation/share/perception_navigation/hook/cmake_prefix_path.ps1'
[15.119s] INFO:colcon.colcon_core.shell:Creating environment descriptor '/home/literbotpro/ros2_ws/install/perception_navigation/share/perception_navigation/hook/cmake_prefix_path.dsv'
[15.119s] INFO:colcon.colcon_core.shell:Creating environment hook '/home/literbotpro/ros2_ws/install/perception_navigation/share/perception_navigation/hook/cmake_prefix_path.sh'
[15.119s] Level 1:colcon.colcon_core.environment:checking '/home/literbotpro/ros2_ws/install/perception_navigation/lib'
[15.120s] Level 1:colcon.colcon_core.environment:checking '/home/literbotpro/ros2_ws/install/perception_navigation/bin'
[15.120s] Level 1:colcon.colcon_core.environment:checking '/home/literbotpro/ros2_ws/install/perception_navigation/lib/pkgconfig/perception_navigation.pc'
[15.120s] Level 1:colcon.colcon_core.environment:checking '/home/literbotpro/ros2_ws/install/perception_navigation/lib/python3.8/site-packages'
[15.120s] Level 1:colcon.colcon_core.environment:checking '/home/literbotpro/ros2_ws/install/perception_navigation/bin'
[15.154s] INFO:colcon.colcon_core.shell:Creating package script '/home/literbotpro/ros2_ws/install/perception_navigation/share/perception_navigation/package.ps1'
[15.155s] INFO:colcon.colcon_core.shell:Creating package descriptor '/home/literbotpro/ros2_ws/install/perception_navigation/share/perception_navigation/package.dsv'
[15.155s] INFO:colcon.colcon_core.shell:Creating package script '/home/literbotpro/ros2_ws/install/perception_navigation/share/perception_navigation/package.sh'
[15.156s] INFO:colcon.colcon_core.shell:Creating package script '/home/literbotpro/ros2_ws/install/perception_navigation/share/perception_navigation/package.bash'
[15.156s] INFO:colcon.colcon_core.shell:Creating package script '/home/literbotpro/ros2_ws/install/perception_navigation/share/perception_navigation/package.zsh'
[15.156s] Level 1:colcon.colcon_core.environment:create_file_with_runtime_dependencies(/home/literbotpro/ros2_ws/install/perception_navigation/share/colcon-core/packages/perception_navigation)
[15.157s] DEBUG:colcon.colcon_parallel_executor.executor.parallel:closing loop
[15.157s] DEBUG:colcon.colcon_parallel_executor.executor.parallel:loop closed
[15.157s] DEBUG:colcon.colcon_parallel_executor.executor.parallel:run_until_complete finished with '0'
[15.157s] DEBUG:colcon.colcon_core.event_reactor:joining thread
[15.197s] INFO:colcon.colcon_core.plugin_system:Skipping extension 'colcon_notification.desktop_notification.terminal_notifier': Not used on non-Darwin systems
[15.197s] INFO:colcon.colcon_core.plugin_system:Skipping extension 'colcon_notification.desktop_notification.win32': Not used on non-Windows systems
[15.197s] INFO:colcon.colcon_notification.desktop_notification:Sending desktop notification using 'notify2'
[15.211s] DEBUG:colcon.colcon_core.event_reactor:joined thread
[15.254s] INFO:colcon.colcon_core.shell:Creating prefix script '/home/literbotpro/ros2_ws/install/local_setup.ps1'
[15.255s] INFO:colcon.colcon_core.shell:Creating prefix util module '/home/literbotpro/ros2_ws/install/_local_setup_util_ps1.py'
[15.256s] INFO:colcon.colcon_core.shell:Creating prefix chain script '/home/literbotpro/ros2_ws/install/setup.ps1'
[15.292s] INFO:colcon.colcon_core.shell:Creating prefix script '/home/literbotpro/ros2_ws/install/local_setup.sh'
[15.293s] INFO:colcon.colcon_core.shell:Creating prefix util module '/home/literbotpro/ros2_ws/install/_local_setup_util_sh.py'
[15.293s] INFO:colcon.colcon_core.shell:Creating prefix chain script '/home/literbotpro/ros2_ws/install/setup.sh'
[15.329s] INFO:colcon.colcon_core.shell:Creating prefix script '/home/literbotpro/ros2_ws/install/local_setup.bash'
[15.330s] INFO:colcon.colcon_core.shell:Creating prefix chain script '/home/literbotpro/ros2_ws/install/setup.bash'
[15.368s] INFO:colcon.colcon_core.shell:Creating prefix script '/home/literbotpro/ros2_ws/install/local_setup.zsh'
[15.369s] INFO:colcon.colcon_core.shell:Creating prefix chain script '/home/literbotpro/ros2_ws/install/setup.zsh'
